<?xml version="1.0" encoding="UTF-8"?>
<coverage generated="1593452683998" clover="3.2.0">
  <project timestamp="1593452683999" name="All files">
    <metrics statements="25" coveredstatements="25" conditionals="26" coveredconditionals="26" methods="4" coveredmethods="4" elements="55" coveredelements="55" complexity="0" loc="25" ncloc="25" packages="1" files="2" classes="2"/>
    <file name="financial.ts" path="/Users/Luciano/Documents/financial/src/financial.ts">
      <metrics statements="24" coveredstatements="24" conditionals="26" coveredconditionals="26" methods="4" coveredmethods="4"/>
      <line num="1" count="2" type="cond" truecount="2" falsecount="0"/>
      <line num="2" count="2" type="stmt"/>
      <line num="3" count="2" type="stmt"/>
      <line num="51" count="8" type="cond" truecount="2" falsecount="0"/>
      <line num="52" count="5" type="stmt"/>
      <line num="54" count="5" type="cond" truecount="2" falsecount="0"/>
      <line num="55" count="1" type="stmt"/>
      <line num="58" count="4" type="stmt"/>
      <line num="59" count="4" type="cond" truecount="2" falsecount="0"/>
      <line num="60" count="4" type="stmt"/>
      <line num="116" count="7" type="cond" truecount="4" falsecount="0"/>
      <line num="117" count="4" type="stmt"/>
      <line num="118" count="4" type="stmt"/>
      <line num="119" count="4" type="cond" truecount="2" falsecount="0"/>
      <line num="120" count="4" type="cond" truecount="2" falsecount="0"/>
      <line num="121" count="4" type="stmt"/>
      <line num="125" count="4" type="stmt"/>
      <line num="164" count="15" type="cond" truecount="4" falsecount="0"/>
      <line num="186" count="8" type="stmt"/>
      <line num="187" count="8" type="cond" truecount="2" falsecount="0"/>
      <line num="188" count="3" type="stmt"/>
      <line num="191" count="5" type="cond" truecount="2" falsecount="0"/>
      <line num="192" count="5" type="stmt"/>
      <line num="193" count="5" type="stmt"/>
    </file>
    <file name="index.ts" path="/Users/Luciano/Documents/financial/src/index.ts">
      <metrics statements="1" coveredstatements="1" conditionals="0" coveredconditionals="0" methods="0" coveredmethods="0"/>
      <line num="1" count="1" type="stmt"/>
    </file>
  </project>
</coverage>
