{"/Users/Luciano/Documents/financial/src/financial.ts": {"path":"/Users/Luciano/Documents/financial/src/financial.ts","statementMap":{"0":{"start":{"line":1,"column":0},"end":{"line":1,"column":null}},"1":{"start":{"line":2,"column":2},"end":{"line":2,"column":null}},"2":{"start":{"line":3,"column":2},"end":{"line":3,"column":null}},"3":{"start":{"line":51,"column":73},"end":{"line":51,"column":null}},"4":{"start":{"line":52,"column":21},"end":{"line":52,"column":31}},"5":{"start":{"line":54,"column":2},"end":{"line":56,"column":null}},"6":{"start":{"line":55,"column":4},"end":{"line":55,"column":null}},"7":{"start":{"line":58,"column":15},"end":{"line":58,"column":null}},"8":{"start":{"line":59,"column":19},"end":{"line":59,"column":56}},"9":{"start":{"line":60,"column":2},"end":{"line":60,"column":null}},"10":{"start":{"line":51,"column":0},"end":{"line":51,"column":16}},"11":{"start":{"line":116,"column":61},"end":{"line":116,"column":69}},"12":{"start":{"line":116,"column":69},"end":{"line":116,"column":null}},"13":{"start":{"line":117,"column":21},"end":{"line":117,"column":31}},"14":{"start":{"line":118,"column":15},"end":{"line":118,"column":null}},"15":{"start":{"line":119,"column":19},"end":{"line":119,"column":56}},"16":{"start":{"line":120,"column":21},"end":{"line":120,"column":42}},"17":{"start":{"line":121,"column":15},"end":{"line":123,"column":59}},"18":{"start":{"line":125,"column":2},"end":{"line":125,"column":null}},"19":{"start":{"line":116,"column":0},"end":{"line":116,"column":16}},"20":{"start":{"line":164,"column":61},"end":{"line":164,"column":69}},"21":{"start":{"line":164,"column":69},"end":{"line":164,"column":null}},"22":{"start":{"line":186,"column":21},"end":{"line":186,"column":31}},"23":{"start":{"line":187,"column":2},"end":{"line":189,"column":null}},"24":{"start":{"line":188,"column":4},"end":{"line":188,"column":null}},"25":{"start":{"line":191,"column":19},"end":{"line":191,"column":56}},"26":{"start":{"line":192,"column":12},"end":{"line":192,"column":46}},"27":{"start":{"line":193,"column":2},"end":{"line":193,"column":null}},"28":{"start":{"line":164,"column":0},"end":{"line":164,"column":16}}},"fnMap":{"0":{"name":"(anonymous_0)","decl":{"start":{"line":1,"column":0},"end":{"line":1,"column":12}},"loc":{"start":{"line":1,"column":26},"end":{"line":4,"column":1}}},"1":{"name":"fv","decl":{"start":{"line":51,"column":16},"end":{"line":51,"column":18}},"loc":{"start":{"line":51,"column":115},"end":{"line":61,"column":1}}},"2":{"name":"pmt","decl":{"start":{"line":116,"column":16},"end":{"line":116,"column":19}},"loc":{"start":{"line":116,"column":94},"end":{"line":126,"column":1}}},"3":{"name":"nper","decl":{"start":{"line":164,"column":16},"end":{"line":164,"column":20}},"loc":{"start":{"line":164,"column":94},"end":{"line":194,"column":1}}}},"branchMap":{"0":{"loc":{"start":{"line":1,"column":12},"end":{"line":1,"column":26}},"type":"binary-expr","locations":[{"start":{"line":1,"column":12},"end":{"line":1,"column":26}},{"start":{"line":1,"column":12},"end":{"line":1,"column":null}}]},"1":{"loc":{"start":{"line":51,"column":73},"end":{"line":51,"column":null}},"type":"if","locations":[{"start":{"line":51,"column":73},"end":{"line":51,"column":null}},{"start":{"line":51,"column":73},"end":{"line":51,"column":null}}]},"2":{"loc":{"start":{"line":54,"column":2},"end":{"line":56,"column":null}},"type":"if","locations":[{"start":{"line":54,"column":2},"end":{"line":56,"column":null}},{"start":{"line":54,"column":2},"end":{"line":56,"column":null}}]},"3":{"loc":{"start":{"line":59,"column":51},"end":{"line":59,"column":52}},"type":"cond-expr","locations":[{"start":{"line":59,"column":51},"end":{"line":59,"column":52}},{"start":{"line":59,"column":55},"end":{"line":59,"column":56}}]},"4":{"loc":{"start":{"line":116,"column":61},"end":{"line":116,"column":69}},"type":"if","locations":[{"start":{"line":116,"column":61},"end":{"line":116,"column":69}},{"start":{"line":116,"column":61},"end":{"line":116,"column":69}}]},"5":{"loc":{"start":{"line":116,"column":69},"end":{"line":116,"column":null}},"type":"if","locations":[{"start":{"line":116,"column":69},"end":{"line":116,"column":null}},{"start":{"line":116,"column":69},"end":{"line":116,"column":null}}]},"6":{"loc":{"start":{"line":119,"column":51},"end":{"line":119,"column":52}},"type":"cond-expr","locations":[{"start":{"line":119,"column":51},"end":{"line":119,"column":52}},{"start":{"line":119,"column":55},"end":{"line":119,"column":56}}]},"7":{"loc":{"start":{"line":120,"column":34},"end":{"line":120,"column":35}},"type":"cond-expr","locations":[{"start":{"line":120,"column":34},"end":{"line":120,"column":35}},{"start":{"line":120,"column":38},"end":{"line":120,"column":42}}]},"8":{"loc":{"start":{"line":122,"column":6},"end":{"line":122,"column":10}},"type":"cond-expr","locations":[{"start":{"line":122,"column":6},"end":{"line":122,"column":10}},{"start":{"line":123,"column":6},"end":{"line":123,"column":59}}]},"9":{"loc":{"start":{"line":164,"column":61},"end":{"line":164,"column":69}},"type":"if","locations":[{"start":{"line":164,"column":61},"end":{"line":164,"column":69}},{"start":{"line":164,"column":61},"end":{"line":164,"column":69}}]},"10":{"loc":{"start":{"line":164,"column":69},"end":{"line":164,"column":null}},"type":"if","locations":[{"start":{"line":164,"column":69},"end":{"line":164,"column":null}},{"start":{"line":164,"column":69},"end":{"line":164,"column":null}}]},"11":{"loc":{"start":{"line":187,"column":2},"end":{"line":189,"column":null}},"type":"if","locations":[{"start":{"line":187,"column":2},"end":{"line":189,"column":null}},{"start":{"line":187,"column":2},"end":{"line":189,"column":null}}]},"12":{"loc":{"start":{"line":191,"column":51},"end":{"line":191,"column":52}},"type":"cond-expr","locations":[{"start":{"line":191,"column":51},"end":{"line":191,"column":52}},{"start":{"line":191,"column":55},"end":{"line":191,"column":56}}]}},"s":{"0":2,"1":2,"2":2,"3":8,"4":5,"5":5,"6":1,"7":4,"8":4,"9":4,"10":2,"11":7,"12":7,"13":4,"14":4,"15":4,"16":4,"17":4,"18":4,"19":2,"20":11,"21":15,"22":8,"23":8,"24":3,"25":5,"26":5,"27":5,"28":2},"f":{"0":2,"1":5,"2":4,"3":8},"b":{"0":[2,2],"1":[3,2],"2":[1,4],"3":[1,3],"4":[3,1],"5":[3,1],"6":[1,3],"7":[1,3],"8":[1,3],"9":[3,5],"10":[7,1],"11":[3,5],"12":[1,4]}}
,"/Users/Luciano/Documents/financial/src/index.ts": {"path":"/Users/Luciano/Documents/financial/src/index.ts","statementMap":{"0":{"start":{"line":1,"column":0},"end":{"line":1,"column":27}}},"fnMap":{},"branchMap":{},"s":{"0":1},"f":{},"b":{}}
}
