TN:
SF:/Users/Luciano/Documents/financial/src/financial.ts
FN:1,(anonymous_0)
FN:51,fv
FN:116,pmt
FN:164,nper
FNF:4
FNH:4
FNDA:2,(anonymous_0)
FNDA:5,fv
FNDA:4,pmt
FNDA:8,nper
DA:1,2
DA:2,2
DA:3,2
DA:51,8
DA:52,5
DA:54,5
DA:55,1
DA:58,4
DA:59,4
DA:60,4
DA:116,7
DA:117,4
DA:118,4
DA:119,4
DA:120,4
DA:121,4
DA:125,4
DA:164,15
DA:186,8
DA:187,8
DA:188,3
DA:191,5
DA:192,5
DA:193,5
LF:24
LH:24
BRDA:1,0,0,2
BRDA:1,0,1,2
BRDA:51,1,0,3
BRDA:51,1,1,2
BRDA:54,2,0,1
BRDA:54,2,1,4
BRDA:59,3,0,1
BRDA:59,3,1,3
BRDA:116,4,0,3
BRDA:116,4,1,1
BRDA:116,5,0,3
BRDA:116,5,1,1
BRDA:119,6,0,1
BRDA:119,6,1,3
BRDA:120,7,0,1
BRDA:120,7,1,3
BRDA:122,8,0,1
BRDA:122,8,1,3
BRDA:164,9,0,3
BRDA:164,9,1,5
BRDA:164,10,0,7
BRDA:164,10,1,1
BRDA:187,11,0,3
BRDA:187,11,1,5
BRDA:191,12,0,1
BRDA:191,12,1,4
BRF:26
BRH:26
end_of_record
TN:
SF:/Users/Luciano/Documents/financial/src/index.ts
FNF:0
FNH:0
DA:1,1
LF:1
LH:1
BRF:0
BRH:0
end_of_record
